\BOOKMARK [0][-]{chapter.1}{\376\377\000I\000n\000d\000e\000x\000\040\000d\000e\000s\000\040\000c\000l\000a\000s\000s\000e\000s}{}% 1
\BOOKMARK [1][-]{section.1.1}{\376\377\000H\000i\000\351\000r\000a\000r\000c\000h\000i\000e\000\040\000d\000e\000s\000\040\000c\000l\000a\000s\000s\000e\000s}{chapter.1}% 2
\BOOKMARK [0][-]{chapter.2}{\376\377\000I\000n\000d\000e\000x\000\040\000d\000e\000s\000\040\000c\000l\000a\000s\000s\000e\000s}{}% 3
\BOOKMARK [1][-]{section.2.1}{\376\377\000L\000i\000s\000t\000e\000\040\000d\000e\000s\000\040\000c\000l\000a\000s\000s\000e\000s}{chapter.2}% 4
\BOOKMARK [0][-]{chapter.3}{\376\377\000D\000o\000c\000u\000m\000e\000n\000t\000a\000t\000i\000o\000n\000\040\000d\000e\000s\000\040\000c\000l\000a\000s\000s\000e\000s}{}% 5
\BOOKMARK [1][-]{section.3.1}{\376\377\000R\000\351\000f\000\351\000r\000e\000n\000c\000e\000\040\000d\000e\000\040\000l\000a\000\040\000c\000l\000a\000s\000s\000e\000\040\000C\000o\000n\000v\000e\000x\000H\000u\000l\000l}{chapter.3}% 6
\BOOKMARK [1][-]{section.3.2}{\376\377\000R\000\351\000f\000\351\000r\000e\000n\000c\000e\000\040\000d\000e\000\040\000l\000a\000\040\000c\000l\000a\000s\000s\000e\000\040\000C\000o\000n\000v\000e\000x\000H\000u\000l\000l\000E\000P\000S\000W\000r\000i\000t\000e\000r}{chapter.3}% 7
\BOOKMARK [1][-]{section.3.3}{\376\377\000R\000\351\000f\000\351\000r\000e\000n\000c\000e\000\040\000d\000e\000\040\000l\000a\000\040\000c\000l\000a\000s\000s\000e\000\040\000G\000r\000a\000h\000a\000m\000S\000c\000a\000n\000C\000o\000n\000v\000e\000x\000H\000u\000l\000l}{chapter.3}% 8
\BOOKMARK [1][-]{section.3.4}{\376\377\000R\000\351\000f\000\351\000r\000e\000n\000c\000e\000\040\000d\000e\000\040\000l\000a\000\040\000s\000t\000r\000u\000c\000t\000u\000r\000e\000\040\000g\000s\000\137\000p\000o\000i\000n\000t\0002\000d}{chapter.3}% 9
\BOOKMARK [1][-]{section.3.5}{\376\377\000R\000\351\000f\000\351\000r\000e\000n\000c\000e\000\040\000d\000e\000\040\000l\000a\000\040\000c\000l\000a\000s\000s\000e\000\040\000G\000S\000P\000o\000i\000n\000t\0002\000D\000C\000o\000m\000p\000a\000r\000e}{chapter.3}% 10
\BOOKMARK [1][-]{section.3.6}{\376\377\000R\000\351\000f\000\351\000r\000e\000n\000c\000e\000\040\000d\000e\000\040\000l\000a\000\040\000s\000t\000r\000u\000c\000t\000u\000r\000e\000\040\000l\000i\000s\000t}{chapter.3}% 11
\BOOKMARK [1][-]{section.3.7}{\376\377\000R\000\351\000f\000\351\000r\000e\000n\000c\000e\000\040\000d\000e\000\040\000l\000a\000\040\000c\000l\000a\000s\000s\000e\000\040\000M\000a\000t\000r\000i\000c\000e\0002}{chapter.3}% 12
\BOOKMARK [1][-]{section.3.8}{\376\377\000R\000\351\000f\000\351\000r\000e\000n\000c\000e\000\040\000d\000e\000\040\000l\000a\000\040\000c\000l\000a\000s\000s\000e\000\040\000N\000o\000e\000u\000d}{chapter.3}% 13
\BOOKMARK [1][-]{section.3.9}{\376\377\000R\000\351\000f\000\351\000r\000e\000n\000c\000e\000\040\000d\000e\000\040\000l\000a\000\040\000c\000l\000a\000s\000s\000e\000\040\000N\000o\000n\000T\000e\000r\000m\000i\000n\000a\000l}{chapter.3}% 14
\BOOKMARK [1][-]{section.3.10}{\376\377\000R\000\351\000f\000\351\000r\000e\000n\000c\000e\000\040\000d\000e\000\040\000l\000a\000\040\000s\000t\000r\000u\000c\000t\000u\000r\000e\000\040\000o\000b\000j\000\137\000c\000a\000m\000e\000r\000a}{chapter.3}% 15
\BOOKMARK [1][-]{section.3.11}{\376\377\000R\000\351\000f\000\351\000r\000e\000n\000c\000e\000\040\000d\000e\000\040\000l\000a\000\040\000s\000t\000r\000u\000c\000t\000u\000r\000e\000\040\000o\000b\000j\000\137\000f\000a\000c\000e}{chapter.3}% 16
\BOOKMARK [1][-]{section.3.12}{\376\377\000R\000\351\000f\000\351\000r\000e\000n\000c\000e\000\040\000d\000e\000\040\000l\000a\000\040\000s\000t\000r\000u\000c\000t\000u\000r\000e\000\040\000o\000b\000j\000\137\000g\000r\000o\000w\000a\000b\000l\000e\000\137\000s\000c\000e\000n\000e\000\137\000d\000a\000t\000a}{chapter.3}% 17
\BOOKMARK [1][-]{section.3.13}{\376\377\000R\000\351\000f\000\351\000r\000e\000n\000c\000e\000\040\000d\000e\000\040\000l\000a\000\040\000s\000t\000r\000u\000c\000t\000u\000r\000e\000\040\000o\000b\000j\000\137\000l\000i\000g\000h\000t\000\137\000d\000i\000s\000c}{chapter.3}% 18
\BOOKMARK [1][-]{section.3.14}{\376\377\000R\000\351\000f\000\351\000r\000e\000n\000c\000e\000\040\000d\000e\000\040\000l\000a\000\040\000s\000t\000r\000u\000c\000t\000u\000r\000e\000\040\000o\000b\000j\000\137\000l\000i\000g\000h\000t\000\137\000p\000o\000i\000n\000t}{chapter.3}% 19
\BOOKMARK [1][-]{section.3.15}{\376\377\000R\000\351\000f\000\351\000r\000e\000n\000c\000e\000\040\000d\000e\000\040\000l\000a\000\040\000s\000t\000r\000u\000c\000t\000u\000r\000e\000\040\000o\000b\000j\000\137\000l\000i\000g\000h\000t\000\137\000q\000u\000a\000d}{chapter.3}% 20
\BOOKMARK [1][-]{section.3.16}{\376\377\000R\000\351\000f\000\351\000r\000e\000n\000c\000e\000\040\000d\000e\000\040\000l\000a\000\040\000s\000t\000r\000u\000c\000t\000u\000r\000e\000\040\000o\000b\000j\000\137\000m\000a\000t\000e\000r\000i\000a\000l}{chapter.3}% 21
\BOOKMARK [1][-]{section.3.17}{\376\377\000R\000\351\000f\000\351\000r\000e\000n\000c\000e\000\040\000d\000e\000\040\000l\000a\000\040\000s\000t\000r\000u\000c\000t\000u\000r\000e\000\040\000o\000b\000j\000\137\000p\000l\000a\000n\000e}{chapter.3}% 22
\BOOKMARK [1][-]{section.3.18}{\376\377\000R\000\351\000f\000\351\000r\000e\000n\000c\000e\000\040\000d\000e\000\040\000l\000a\000\040\000s\000t\000r\000u\000c\000t\000u\000r\000e\000\040\000o\000b\000j\000\137\000s\000c\000e\000n\000e\000\137\000d\000a\000t\000a}{chapter.3}% 23
\BOOKMARK [1][-]{section.3.19}{\376\377\000R\000\351\000f\000\351\000r\000e\000n\000c\000e\000\040\000d\000e\000\040\000l\000a\000\040\000s\000t\000r\000u\000c\000t\000u\000r\000e\000\040\000o\000b\000j\000\137\000s\000p\000h\000e\000r\000e}{chapter.3}% 24
\BOOKMARK [1][-]{section.3.20}{\376\377\000R\000\351\000f\000\351\000r\000e\000n\000c\000e\000\040\000d\000e\000\040\000l\000a\000\040\000s\000t\000r\000u\000c\000t\000u\000r\000e\000\040\000o\000b\000j\000\137\000v\000e\000c\000t\000o\000r}{chapter.3}% 25
\BOOKMARK [1][-]{section.3.21}{\376\377\000R\000\351\000f\000\351\000r\000e\000n\000c\000e\000\040\000d\000e\000\040\000l\000a\000\040\000c\000l\000a\000s\000s\000e\000\040\000o\000b\000j\000L\000o\000a\000d\000e\000r}{chapter.3}% 26
\BOOKMARK [1][-]{section.3.22}{\376\377\000R\000\351\000f\000\351\000r\000e\000n\000c\000e\000\040\000d\000e\000\040\000l\000a\000\040\000c\000l\000a\000s\000s\000e\000\040\000P\000a\000r\000s\000e\000r}{chapter.3}% 27
